<?xml version="1.0" encoding="UTF-8"?>
<!-- Generated by org.testng.reporters.JUnitXMLReporter -->
<testsuite ignored="0" hostname="DESKTOP-G6478IJ" failures="0" tests="3" name="Default test" time="28.002" errors="0" timestamp="2021-02-22T21:52:41 EST">
  <testcase classname="rubastFrameWorkPackage.HomePageNavigation" name="basePage" time="10.944"/>
  <testcase classname="rubastFrameWorkPackage.HomePageNavigation" name="basePage" time="6.551"/>
  <testcase classname="rubastFrameWorkPackage.HomePageNavigation" name="basePage" time="6.6"/>
</testsuite> <!-- Default test -->
