<?xml version="1.0" encoding="UTF-8"?>
<!-- Generated by org.testng.reporters.JUnitXMLReporter -->
<testsuite ignored="0" hostname="DESKTOP-G6478IJ" failures="1" tests="1" name="Validating Title" time="9.997" errors="0" timestamp="2021-02-18T23:15:13 EST">
  <testcase classname="rubastFrameWorkPackage.ValidateTitle" name="basePage" time="1.346">
    <failure type="org.junit.ComparisonFailure" message="expected:&amp;lt;FEATURED COURSES[123]&amp;gt; but was:&amp;lt;FEATURED COURSES[]&amp;gt;">
      <![CDATA[org.junit.ComparisonFailure: expected:<FEATURED COURSES[123]> but was:<FEATURED COURSES[]>
at org.junit.Assert.assertEquals(Assert.java:115)
at org.junit.Assert.assertEquals(Assert.java:144)
at rubastFrameWorkPackage.ValidateTitle.basePage(ValidateTitle.java:39)
at java.base/java.util.ArrayList.forEach(ArrayList.java:1541)
... Removed 27 stack frames]]>
    </failure>
  </testcase> <!-- basePage -->
</testsuite> <!-- Validating Title -->
