<?xml version="1.0" encoding="UTF-8"?>
<!-- Generated by org.testng.reporters.JUnitXMLReporter -->
<testsuite ignored="0" hostname="DESKTOP-G6478IJ" failures="0" tests="3" name="Validating Home Page" time="25.805" errors="0" timestamp="2021-02-18T23:15:39 EST">
  <testcase classname="rubastFrameWorkPackage.HomePageNavigation" name="basePage" time="9.348"/>
  <testcase classname="rubastFrameWorkPackage.HomePageNavigation" name="basePage" time="6.676"/>
  <testcase classname="rubastFrameWorkPackage.HomePageNavigation" name="basePage" time="6.182"/>
</testsuite> <!-- Validating Home Page -->
