<?xml version="1.0" encoding="UTF-8"?>
<!-- Generated by org.testng.reporters.JUnitXMLReporter -->
<testsuite ignored="0" hostname="DESKTOP-G6478IJ" failures="0" tests="4" name="Test" time="235.906" errors="0" timestamp="2021-02-17T14:18:47 EST">
  <testcase classname="rubastFrameWorkPackage.ValidateTitle" name="basePage" time="3.312"/>
  <testcase classname="rubastFrameWorkPackage.HomePageNavigation" name="basePage" time="79.728"/>
  <testcase classname="rubastFrameWorkPackage.HomePageNavigation" name="basePage" time="12.263"/>
  <testcase classname="rubastFrameWorkPackage.HomePageNavigation" name="basePage" time="67.156"/>
</testsuite> <!-- Test -->
