<?xml version="1.0" encoding="UTF-8"?>
<!-- Generated by org.testng.reporters.JUnitXMLReporter -->
<testsuite ignored="0" hostname="DESKTOP-G6478IJ" failures="0" tests="3" name="Validating Home Page" time="25.075" errors="0" timestamp="2021-02-19T22:18:11 EST">
  <testcase classname="rubastFrameWorkPackage.HomePageNavigation" name="basePage" time="8.917"/>
  <testcase classname="rubastFrameWorkPackage.HomePageNavigation" name="basePage" time="6.137"/>
  <testcase classname="rubastFrameWorkPackage.HomePageNavigation" name="basePage" time="6.553"/>
</testsuite> <!-- Validating Home Page -->
