<?xml version="1.0" encoding="UTF-8"?>
<testsuite xmlns:xsi="http://www.w3.org/2001/XMLSchema-instance" xsi:noNamespaceSchemaLocation="https://maven.apache.org/surefire/maven-surefire-plugin/xsd/surefire-test-report-3.0.xsd" version="3.0" name="TestSuite" time="37.628" tests="4" errors="0" skipped="0" failures="1">
  <properties>
[...]
</properties>
  <testcase name="basePage" classname="rubastFrameWorkPackage.ValidateTitle" time="1.346">
    <failure message="expected:&lt;FEATURED COURSES[123]&gt; but was:&lt;FEATURED COURSES[]&gt;" type="org.junit.ComparisonFailure"><![CDATA[org.junit.ComparisonFailure: expected:<FEATURED COURSES[123]> but was:<FEATURED COURSES[]>
	at rubastFrameWorkPackage.ValidateTitle.basePage(ValidateTitle.java:39)
]]></failure>
    <system-out><![CDATA[C:\Div\WorkSpace\RubastFrameWork
[INFO ] 2021-02-19 22:17:38.540 [main] ValidateTitle - Driver is initilize Successfully
[INFO ] 2021-02-19 22:17:44.839 [main] ValidateTitle - Page title Successfull
FEATURED COURSES
]]></system-out>
    <system-err><![CDATA[1613791054846	geckodriver	INFO	Listening on 127.0.0.1:28290
1613791055496	mozrunner::runner	INFO	Running command: "C:\\Program Files\\Mozilla Firefox\\firefox.exe" "--marionette" "-foreground" "-no-remote" "-profile" "C:\\Users\\amink\\AppData\\Local\\Temp\\rust_mozprofile0wTVKT"
console.warn: SearchSettings: "get: No settings file exists, new profile?" (new Error("", "(unknown module)"))
console.warn: SearchSettings: "get: No settings file exists, new profile?" (new Error("", "(unknown module)"))
1613791057969	Marionette	INFO	Listening on port 55652
1613791058188	Marionette	WARN	TLS certificate errors will be ignored for this session
1613791058198	Marionette	ERROR	[18] No reply from Marionette:Register
Feb 19, 2021 10:17:38 PM org.openqa.selenium.remote.ProtocolHandshake createSession
INFO: Detected dialect: W3C
]]></system-err>
  </testcase>
  <testcase name="basePage[abc@qw.com, amin123457, Restricted user](1)" classname="rubastFrameWorkPackage.HomePageNavigation" time="8.899">
    <system-out><![CDATA[C:\Div\WorkSpace\RubastFrameWork
[INFO ] 2021-02-19 22:17:49.123 [main] ValidateTitle - Driver Initilized successfully
[INFO ] 2021-02-19 22:17:52.966 [main] ValidateTitle - Navigate to the URL successfull
FEATURED COURSES
[INFO ] 2021-02-19 22:17:55.662 [main] ValidateTitle - Username validate successfully
[INFO ] 2021-02-19 22:17:56.709 [main] ValidateTitle - Password validate successfully
Restricted user
]]></system-out>
    <system-err><![CDATA[1613791065393	Marionette	INFO	Stopped listening on port 55652

###!!! [Child][RunMessage] Error: Channel closing: too late to send/recv, messages will be lost

1613791066260	geckodriver	INFO	Listening on 127.0.0.1:10751
1613791066763	mozrunner::runner	INFO	Running command: "C:\\Program Files\\Mozilla Firefox\\firefox.exe" "--marionette" "-foreground" "-no-remote" "-profile" "C:\\Users\\amink\\AppData\\Local\\Temp\\rust_mozprofilejHcdNp"
console.warn: SearchSettings: "get: No settings file exists, new profile?" (new Error("", "(unknown module)"))
console.warn: SearchSettings: "get: No settings file exists, new profile?" (new Error("", "(unknown module)"))
1613791068562	Marionette	INFO	Listening on port 55736
1613791068826	Marionette	WARN	TLS certificate errors will be ignored for this session
1613791068835	Marionette	ERROR	[15] No reply from Marionette:Register
Feb 19, 2021 10:17:48 PM org.openqa.selenium.remote.ProtocolHandshake createSession
INFO: Detected dialect: W3C
]]></system-err>
  </testcase>
  <testcase name="basePage[mamin@yahoo.com, amin1234, Non-Restricted user](2)" classname="rubastFrameWorkPackage.HomePageNavigation" time="6.126">
    <system-out><![CDATA[[INFO ] 2021-02-19 22:18:00.439 [main] ValidateTitle - Navigate to the URL successfull
FEATURED COURSES
[INFO ] 2021-02-19 22:18:01.829 [main] ValidateTitle - Username validate successfully
[INFO ] 2021-02-19 22:18:02.879 [main] ValidateTitle - Password validate successfully
Non-Restricted user
]]></system-out>
  </testcase>
  <testcase name="basePage[mamin3498@yahoo.com, amin3498, New User](3)" classname="rubastFrameWorkPackage.HomePageNavigation" time="6.554">
    <system-out><![CDATA[[INFO ] 2021-02-19 22:18:06.617 [main] ValidateTitle - Navigate to the URL successfull
FEATURED COURSES
[INFO ] 2021-02-19 22:18:07.993 [main] ValidateTitle - Username validate successfully
[INFO ] 2021-02-19 22:18:09.042 [main] ValidateTitle - Password validate successfully
New User
]]></system-out>
  </testcase>
</testsuite>