<?xml version="1.0" encoding="UTF-8"?>
<testng-results ignored="0" total="4" passed="3" failed="1" skipped="0">
  <reporter-output>
  </reporter-output>
  <suite started-at="2021-02-19T22:17:34 EST" name="Suite" finished-at="2021-02-19T22:18:11 EST" duration-ms="36739">
    <groups>
    </groups>
    <test started-at="2021-02-19T22:17:34 EST" name="Validating Title" finished-at="2021-02-19T22:17:45 EST" duration-ms="11385">
      <class name="rubastFrameWorkPackage.ValidateTitle">
        <test-method is-config="true" signature="SetUpTest()[pri:0, instance:rubastFrameWorkPackage.ValidateTitle@85e6769]" started-at="2021-02-19T22:17:34 EST" name="SetUpTest" finished-at="2021-02-19T22:17:43 EST" duration-ms="8882" status="PASS">
          <reporter-output>
          </reporter-output>
        </test-method> <!-- SetUpTest -->
        <test-method signature="basePage()[pri:0, instance:rubastFrameWorkPackage.ValidateTitle@85e6769]" started-at="2021-02-19T22:17:43 EST" name="basePage" finished-at="2021-02-19T22:17:44 EST" duration-ms="1377" status="FAIL">
          <exception class="org.junit.ComparisonFailure">
            <message>
              <![CDATA[expected:<FEATURED COURSES[123]> but was:<FEATURED COURSES[]>]]>
            </message>
            <full-stacktrace>
              <![CDATA[org.junit.ComparisonFailure: expected:<FEATURED COURSES[123]> but was:<FEATURED COURSES[]>
at org.junit.Assert.assertEquals(Assert.java:115)
at org.junit.Assert.assertEquals(Assert.java:144)
at rubastFrameWorkPackage.ValidateTitle.basePage(ValidateTitle.java:39)
at java.base/jdk.internal.reflect.NativeMethodAccessorImpl.invoke0(Native Method)
at java.base/jdk.internal.reflect.NativeMethodAccessorImpl.invoke(NativeMethodAccessorImpl.java:62)
at java.base/jdk.internal.reflect.DelegatingMethodAccessorImpl.invoke(DelegatingMethodAccessorImpl.java:43)
at java.base/java.lang.reflect.Method.invoke(Method.java:566)
at org.testng.internal.MethodInvocationHelper.invokeMethod(MethodInvocationHelper.java:132)
at org.testng.internal.TestInvoker.invokeMethod(TestInvoker.java:599)
at org.testng.internal.TestInvoker.invokeTestMethod(TestInvoker.java:174)
at org.testng.internal.MethodRunner.runInSequence(MethodRunner.java:46)
at org.testng.internal.TestInvoker$MethodInvocationAgent.invoke(TestInvoker.java:822)
at org.testng.internal.TestInvoker.invokeTestMethods(TestInvoker.java:147)
at org.testng.internal.TestMethodWorker.invokeTestMethods(TestMethodWorker.java:146)
at org.testng.internal.TestMethodWorker.run(TestMethodWorker.java:128)
at java.base/java.util.ArrayList.forEach(ArrayList.java:1541)
at org.testng.TestRunner.privateRun(TestRunner.java:764)
at org.testng.TestRunner.run(TestRunner.java:585)
at org.testng.SuiteRunner.runTest(SuiteRunner.java:384)
at org.testng.SuiteRunner.runSequentially(SuiteRunner.java:378)
at org.testng.SuiteRunner.privateRun(SuiteRunner.java:337)
at org.testng.SuiteRunner.run(SuiteRunner.java:286)
at org.testng.SuiteRunnerWorker.runSuite(SuiteRunnerWorker.java:53)
at org.testng.SuiteRunnerWorker.run(SuiteRunnerWorker.java:96)
at org.testng.TestNG.runSuitesSequentially(TestNG.java:1218)
at org.testng.TestNG.runSuitesLocally(TestNG.java:1140)
at org.testng.TestNG.runSuites(TestNG.java:1069)
at org.testng.TestNG.run(TestNG.java:1037)
at org.apache.maven.surefire.testng.TestNGExecutor.run(TestNGExecutor.java:284)
at org.apache.maven.surefire.testng.TestNGXmlTestSuite.execute(TestNGXmlTestSuite.java:75)
at org.apache.maven.surefire.testng.TestNGProvider.invoke(TestNGProvider.java:119)
at org.apache.maven.surefire.booter.ForkedBooter.runSuitesInProcess(ForkedBooter.java:428)
at org.apache.maven.surefire.booter.ForkedBooter.execute(ForkedBooter.java:162)
at org.apache.maven.surefire.booter.ForkedBooter.run(ForkedBooter.java:562)
at org.apache.maven.surefire.booter.ForkedBooter.main(ForkedBooter.java:548)
]]>
            </full-stacktrace>
          </exception> <!-- org.junit.ComparisonFailure -->
          <reporter-output>
          </reporter-output>
        </test-method> <!-- basePage -->
        <test-method is-config="true" signature="TearDownTest()[pri:0, instance:rubastFrameWorkPackage.ValidateTitle@85e6769]" started-at="2021-02-19T22:17:45 EST" name="TearDownTest" finished-at="2021-02-19T22:17:45 EST" duration-ms="567" status="PASS">
          <reporter-output>
          </reporter-output>
        </test-method> <!-- TearDownTest -->
      </class> <!-- rubastFrameWorkPackage.ValidateTitle -->
    </test> <!-- Validating Title -->
    <test started-at="2021-02-19T22:17:46 EST" name="Validating Home Page" finished-at="2021-02-19T22:18:11 EST" duration-ms="25075">
      <class name="rubastFrameWorkPackage.HomePageNavigation">
        <test-method is-config="true" signature="SetUpTest()[pri:0, instance:rubastFrameWorkPackage.HomePageNavigation@758a34ce]" started-at="2021-02-19T22:17:46 EST" name="SetUpTest" finished-at="2021-02-19T22:17:49 EST" duration-ms="2898" status="PASS">
          <reporter-output>
          </reporter-output>
        </test-method> <!-- SetUpTest -->
        <test-method signature="basePage(java.lang.String, java.lang.String, java.lang.String)[pri:0, instance:rubastFrameWorkPackage.HomePageNavigation@758a34ce]" started-at="2021-02-19T22:17:49 EST" name="basePage" data-provider="getData" finished-at="2021-02-19T22:17:58 EST" duration-ms="8917" status="PASS">
          <params>
            <param index="0">
              <value>
                <![CDATA[abc@qw.com]]>
              </value>
            </param>
            <param index="1">
              <value>
                <![CDATA[amin123457]]>
              </value>
            </param>
            <param index="2">
              <value>
                <![CDATA[Restricted user]]>
              </value>
            </param>
          </params>
          <reporter-output>
          </reporter-output>
        </test-method> <!-- basePage -->
        <test-method signature="basePage(java.lang.String, java.lang.String, java.lang.String)[pri:0, instance:rubastFrameWorkPackage.HomePageNavigation@758a34ce]" started-at="2021-02-19T22:17:58 EST" name="basePage" data-provider="getData" finished-at="2021-02-19T22:18:04 EST" duration-ms="6137" status="PASS">
          <params>
            <param index="0">
              <value>
                <![CDATA[mamin@yahoo.com]]>
              </value>
            </param>
            <param index="1">
              <value>
                <![CDATA[amin1234]]>
              </value>
            </param>
            <param index="2">
              <value>
                <![CDATA[Non-Restricted user]]>
              </value>
            </param>
          </params>
          <reporter-output>
          </reporter-output>
        </test-method> <!-- basePage -->
        <test-method signature="basePage(java.lang.String, java.lang.String, java.lang.String)[pri:0, instance:rubastFrameWorkPackage.HomePageNavigation@758a34ce]" started-at="2021-02-19T22:18:04 EST" name="basePage" data-provider="getData" finished-at="2021-02-19T22:18:10 EST" duration-ms="6553" status="PASS">
          <params>
            <param index="0">
              <value>
                <![CDATA[mamin3498@yahoo.com]]>
              </value>
            </param>
            <param index="1">
              <value>
                <![CDATA[amin3498]]>
              </value>
            </param>
            <param index="2">
              <value>
                <![CDATA[New User]]>
              </value>
            </param>
          </params>
          <reporter-output>
          </reporter-output>
        </test-method> <!-- basePage -->
        <test-method is-config="true" signature="TearDownTest()[pri:0, instance:rubastFrameWorkPackage.HomePageNavigation@758a34ce]" started-at="2021-02-19T22:18:10 EST" name="TearDownTest" finished-at="2021-02-19T22:18:11 EST" duration-ms="565" status="PASS">
          <reporter-output>
          </reporter-output>
        </test-method> <!-- TearDownTest -->
      </class> <!-- rubastFrameWorkPackage.HomePageNavigation -->
    </test> <!-- Validating Home Page -->
  </suite> <!-- Suite -->
</testng-results>
