<?xml version="1.0" encoding="UTF-8"?>
<testng-results ignored="0" total="3" passed="3" failed="0" skipped="0">
  <reporter-output>
  </reporter-output>
  <suite started-at="2021-02-22T21:52:13 EST" name="Default suite" finished-at="2021-02-22T21:52:41 EST" duration-ms="28002">
    <groups>
    </groups>
    <test started-at="2021-02-22T21:52:13 EST" name="Default test" finished-at="2021-02-22T21:52:41 EST" duration-ms="28002">
      <class name="rubastFrameWorkPackage.HomePageNavigation">
        <test-method is-config="true" signature="SetUpTest()[pri:0, instance:rubastFrameWorkPackage.HomePageNavigation@207b8649]" started-at="2021-02-22T21:52:13 EST" name="SetUpTest" finished-at="2021-02-22T21:52:16 EST" duration-ms="3311" status="PASS">
          <reporter-output>
          </reporter-output>
        </test-method> <!-- SetUpTest -->
        <test-method signature="basePage(java.lang.String, java.lang.String, java.lang.String)[pri:0, instance:rubastFrameWorkPackage.HomePageNavigation@207b8649]" started-at="2021-02-22T21:52:16 EST" name="basePage" data-provider="getData" finished-at="2021-02-22T21:52:27 EST" duration-ms="10944" status="PASS">
          <params>
            <param index="0">
              <value>
                <![CDATA[abc@qw.com]]>
              </value>
            </param>
            <param index="1">
              <value>
                <![CDATA[amin123457]]>
              </value>
            </param>
            <param index="2">
              <value>
                <![CDATA[Restricted user]]>
              </value>
            </param>
          </params>
          <reporter-output>
          </reporter-output>
        </test-method> <!-- basePage -->
        <test-method signature="basePage(java.lang.String, java.lang.String, java.lang.String)[pri:0, instance:rubastFrameWorkPackage.HomePageNavigation@207b8649]" started-at="2021-02-22T21:52:27 EST" name="basePage" data-provider="getData" finished-at="2021-02-22T21:52:34 EST" duration-ms="6551" status="PASS">
          <params>
            <param index="0">
              <value>
                <![CDATA[mamin@yahoo.com]]>
              </value>
            </param>
            <param index="1">
              <value>
                <![CDATA[amin1234]]>
              </value>
            </param>
            <param index="2">
              <value>
                <![CDATA[Non-Restricted user]]>
              </value>
            </param>
          </params>
          <reporter-output>
          </reporter-output>
        </test-method> <!-- basePage -->
        <test-method signature="basePage(java.lang.String, java.lang.String, java.lang.String)[pri:0, instance:rubastFrameWorkPackage.HomePageNavigation@207b8649]" started-at="2021-02-22T21:52:34 EST" name="basePage" data-provider="getData" finished-at="2021-02-22T21:52:41 EST" duration-ms="6600" status="PASS">
          <params>
            <param index="0">
              <value>
                <![CDATA[mamin3498@yahoo.com]]>
              </value>
            </param>
            <param index="1">
              <value>
                <![CDATA[amin3498]]>
              </value>
            </param>
            <param index="2">
              <value>
                <![CDATA[New User]]>
              </value>
            </param>
          </params>
          <reporter-output>
          </reporter-output>
        </test-method> <!-- basePage -->
        <test-method is-config="true" signature="TearDownTest()[pri:0, instance:rubastFrameWorkPackage.HomePageNavigation@207b8649]" started-at="2021-02-22T21:52:41 EST" name="TearDownTest" finished-at="2021-02-22T21:52:41 EST" duration-ms="567" status="PASS">
          <reporter-output>
          </reporter-output>
        </test-method> <!-- TearDownTest -->
      </class> <!-- rubastFrameWorkPackage.HomePageNavigation -->
    </test> <!-- Default test -->
  </suite> <!-- Default suite -->
</testng-results>
